{"uid":"cb2a5bec4a657264","name":"Verify InsightsHub UI elements","fullName":"tests.test_Insights#test_Insights","historyId":"8126e0d1f9830d7f04bd9f81958e85ad","time":{"start":1764665144830,"stop":1764665233072,"duration":88242},"description":"Validate UI components of Insights Hub after login","descriptionHtml":"<p>Validate UI components of Insights Hub after login</p>\n","status":"failed","statusMessage":"Failed: verify_personalized_insights_all_cards failed: Locator.wait_for: Timeout 10000ms exceeded.\nCall log:\n  - waiting for locator(\"//h2[text()='Data Trends and Exploration']\") to be visible","statusTrace":"setup = {'basepage': <ciathena.pages.BasePage.BasePage object at 0x000001FD85E782D0>, 'collabspacePage': <ciathena.pages.Colla...age object at 0x000001FD85E787D0>, 'loginPage': <ciathena.pages.LoginPage.LoginPage object at 0x000001FD85E78410>, ...}\n\n    @pytest.mark.order(3)\n    @pytest.mark.usefixtures(\"step_logger\")\n    @pytest.mark.smoke\n    @pytest.mark.asyncio\n    @allure.epic(\"Insights Hub\")\n    @allure.story(\"InsightsHub_UI\")\n    @allure.title(\"Verify InsightsHub UI elements\")\n    @allure.description(\"Validate UI components of Insights Hub after login\")\n    async def test_Insights(setup):\n        basepage = setup[\"basepage\"]\n        loginPage = setup[\"loginPage\"]\n    \n        welcomePage=setup[\"welcomePage\"]\n        insightshubPage = setup[\"insightshubPage\"]\n    \n        failures = []\n    \n        with allure.step(\"login into the application\"):\n            await loginPage.login_success()\n        with allure.step(\"Select use case\"):\n            await welcomePage.select_usecase()\n    \n        # ---------------------------------------------------------\n        # 3️⃣ VERIFY INSIGHTS HUB UI\n        # ---------------------------------------------------------\n        with allure.step(\"Verify InsightsHub UI\"):\n            try:\n                await insightshubPage.verify_insightshub_UI()\n            except Exception as e:\n                msg = f\"verify_insightshub_UI failed: {e}\"\n                failures.append(msg)\n                allure.attach(msg, \"UI Check Failed\", allure.attachment_type.TEXT)\n                print(\"[WARNING] InsightsHub UI verification failed but continuing...\")\n    \n        # ---------------------------------------------------------\n        # 4️⃣ EXECUTIVE CARDS\n        # ---------------------------------------------------------\n        with allure.step(\"Verify Executive Cards\"):\n            try:\n                await insightshubPage.verify_executive_cards()\n            except Exception as e:\n                msg = f\"verify_executive_cards failed: {e}\"\n                failures.append(msg)\n                allure.attach(msg, \"Executive Cards Failed\", allure.attachment_type.TEXT)\n                print(\"[WARNING] Executive cards verification failed but continuing...\")\n    \n        # ---------------------------------------------------------\n        # 5️⃣ PERSONALIZED INSIGHTS (ALL SECTIONS)\n        # ---------------------------------------------------------\n        with allure.step(\"Verify Personalized Insights – All Sections\"):\n            try:\n                await insightshubPage.verify_personalized_insights_all_cards()\n            except Exception as e:\n                msg = f\"verify_personalized_insights_all_cards failed: {e}\"\n                failures.append(msg)\n                allure.attach(msg, \"Personalized Insights Failed\", allure.attachment_type.TEXT)\n                print(\"[WARNING] Personalized insights verification failed but continuing...\")\n    \n        # ---------------------------------------------------------\n        # FAIL TEST IF ANY STEP FAILED\n        # ---------------------------------------------------------\n        if failures:\n>           pytest.fail(\"\\n\".join(failures))\nE           Failed: verify_personalized_insights_all_cards failed: Locator.wait_for: Timeout 10000ms exceeded.\nE           Call log:\nE             - waiting for locator(\"//h2[text()='Data Trends and Exploration']\") to be visible\n\ntests\\test_Insights.py:66: Failed","flaky":false,"newFailed":false,"newBroken":false,"newPassed":false,"retriesCount":0,"retriesStatusChange":false,"beforeStages":[{"name":"delete_output_dir","time":{"start":1764664759329,"stop":1764664759329,"duration":0},"status":"passed","steps":[],"attachments":[],"parameters":[],"attachmentsCount":0,"shouldDisplayMessage":false,"hasContent":false,"attachmentStep":false,"stepsCount":0},{"name":"pytestconfig","time":{"start":1764664759329,"stop":1764664759329,"duration":0},"status":"passed","steps":[],"attachments":[],"parameters":[],"attachmentsCount":0,"shouldDisplayMessage":false,"hasContent":false,"attachmentStep":false,"stepsCount":0},{"name":"base_url","time":{"start":1764664759329,"stop":1764664759329,"duration":0},"status":"passed","steps":[],"attachments":[],"parameters":[],"attachmentsCount":0,"shouldDisplayMessage":false,"hasContent":false,"attachmentStep":false,"stepsCount":0},{"name":"_verify_url","time":{"start":1764664759329,"stop":1764664759329,"duration":0},"status":"passed","steps":[],"attachments":[],"parameters":[],"attachmentsCount":0,"shouldDisplayMessage":false,"hasContent":false,"attachmentStep":false,"stepsCount":0},{"name":"event_loop_policy","time":{"start":1764664759329,"stop":1764664759329,"duration":0},"status":"passed","steps":[],"attachments":[],"parameters":[],"attachmentsCount":0,"shouldDisplayMessage":false,"hasContent":false,"attachmentStep":false,"stepsCount":0},{"name":"_function_scoped_runner","time":{"start":1764665139829,"stop":1764665139830,"duration":1},"status":"passed","steps":[],"attachments":[],"parameters":[],"attachmentsCount":0,"shouldDisplayMessage":false,"hasContent":false,"attachmentStep":false,"stepsCount":0},{"name":"step_logger","time":{"start":1764665139829,"stop":1764665139829,"duration":0},"status":"passed","steps":[],"attachments":[],"parameters":[],"attachmentsCount":0,"shouldDisplayMessage":false,"hasContent":false,"attachmentStep":false,"stepsCount":0},{"name":"setup","time":{"start":1764665139829,"stop":1764665144829,"duration":5000},"status":"passed","steps":[{"name":"login into the application--","time":{"start":1764665140938,"stop":1764665140938,"duration":0},"status":"passed","steps":[],"attachments":[],"parameters":[{"name":"page","value":"<Page url='about:blank'>"},{"name":"step_logger","value":"<function step_logger.<locals>.log_step at 0x000001FD85CB25C0>"}],"attachmentsCount":0,"shouldDisplayMessage":false,"hasContent":true,"attachmentStep":false,"stepsCount":0}],"attachments":[],"parameters":[],"attachmentsCount":0,"shouldDisplayMessage":false,"hasContent":true,"attachmentStep":false,"stepsCount":1}],"testStage":{"description":"Validate UI components of Insights Hub after login","status":"failed","statusMessage":"Failed: verify_personalized_insights_all_cards failed: Locator.wait_for: Timeout 10000ms exceeded.\nCall log:\n  - waiting for locator(\"//h2[text()='Data Trends and Exploration']\") to be visible","statusTrace":"setup = {'basepage': <ciathena.pages.BasePage.BasePage object at 0x000001FD85E782D0>, 'collabspacePage': <ciathena.pages.Colla...age object at 0x000001FD85E787D0>, 'loginPage': <ciathena.pages.LoginPage.LoginPage object at 0x000001FD85E78410>, ...}\n\n    @pytest.mark.order(3)\n    @pytest.mark.usefixtures(\"step_logger\")\n    @pytest.mark.smoke\n    @pytest.mark.asyncio\n    @allure.epic(\"Insights Hub\")\n    @allure.story(\"InsightsHub_UI\")\n    @allure.title(\"Verify InsightsHub UI elements\")\n    @allure.description(\"Validate UI components of Insights Hub after login\")\n    async def test_Insights(setup):\n        basepage = setup[\"basepage\"]\n        loginPage = setup[\"loginPage\"]\n    \n        welcomePage=setup[\"welcomePage\"]\n        insightshubPage = setup[\"insightshubPage\"]\n    \n        failures = []\n    \n        with allure.step(\"login into the application\"):\n            await loginPage.login_success()\n        with allure.step(\"Select use case\"):\n            await welcomePage.select_usecase()\n    \n        # ---------------------------------------------------------\n        # 3️⃣ VERIFY INSIGHTS HUB UI\n        # ---------------------------------------------------------\n        with allure.step(\"Verify InsightsHub UI\"):\n            try:\n                await insightshubPage.verify_insightshub_UI()\n            except Exception as e:\n                msg = f\"verify_insightshub_UI failed: {e}\"\n                failures.append(msg)\n                allure.attach(msg, \"UI Check Failed\", allure.attachment_type.TEXT)\n                print(\"[WARNING] InsightsHub UI verification failed but continuing...\")\n    \n        # ---------------------------------------------------------\n        # 4️⃣ EXECUTIVE CARDS\n        # ---------------------------------------------------------\n        with allure.step(\"Verify Executive Cards\"):\n            try:\n                await insightshubPage.verify_executive_cards()\n            except Exception as e:\n                msg = f\"verify_executive_cards failed: {e}\"\n                failures.append(msg)\n                allure.attach(msg, \"Executive Cards Failed\", allure.attachment_type.TEXT)\n                print(\"[WARNING] Executive cards verification failed but continuing...\")\n    \n        # ---------------------------------------------------------\n        # 5️⃣ PERSONALIZED INSIGHTS (ALL SECTIONS)\n        # ---------------------------------------------------------\n        with allure.step(\"Verify Personalized Insights – All Sections\"):\n            try:\n                await insightshubPage.verify_personalized_insights_all_cards()\n            except Exception as e:\n                msg = f\"verify_personalized_insights_all_cards failed: {e}\"\n                failures.append(msg)\n                allure.attach(msg, \"Personalized Insights Failed\", allure.attachment_type.TEXT)\n                print(\"[WARNING] Personalized insights verification failed but continuing...\")\n    \n        # ---------------------------------------------------------\n        # FAIL TEST IF ANY STEP FAILED\n        # ---------------------------------------------------------\n        if failures:\n>           pytest.fail(\"\\n\".join(failures))\nE           Failed: verify_personalized_insights_all_cards failed: Locator.wait_for: Timeout 10000ms exceeded.\nE           Call log:\nE             - waiting for locator(\"//h2[text()='Data Trends and Exploration']\") to be visible\n\ntests\\test_Insights.py:66: Failed","steps":[{"name":"login into the application","time":{"start":1764665144831,"stop":1764665183500,"duration":38669},"status":"passed","steps":[],"attachments":[],"parameters":[],"attachmentsCount":0,"shouldDisplayMessage":false,"hasContent":false,"attachmentStep":false,"stepsCount":0},{"name":"Select use case","time":{"start":1764665183500,"stop":1764665204228,"duration":20728},"status":"passed","steps":[],"attachments":[],"parameters":[],"attachmentsCount":0,"shouldDisplayMessage":false,"hasContent":false,"attachmentStep":false,"stepsCount":0},{"name":"Verify InsightsHub UI","time":{"start":1764665204228,"stop":1764665204434,"duration":206},"status":"passed","steps":[],"attachments":[],"parameters":[],"attachmentsCount":0,"shouldDisplayMessage":false,"hasContent":false,"attachmentStep":false,"stepsCount":0},{"name":"Verify Executive Cards","time":{"start":1764665204434,"stop":1764665222739,"duration":18305},"status":"passed","steps":[],"attachments":[],"parameters":[],"attachmentsCount":0,"shouldDisplayMessage":false,"hasContent":false,"attachmentStep":false,"stepsCount":0},{"name":"Verify Personalized Insights – All Sections","time":{"start":1764665222739,"stop":1764665233072,"duration":10333},"status":"passed","steps":[],"attachments":[{"uid":"3f370d3524f0e4c5","name":"Personalized Insights Failed","source":"3f370d3524f0e4c5.txt","type":"text/plain","size":185}],"parameters":[],"attachmentsCount":1,"shouldDisplayMessage":false,"hasContent":true,"attachmentStep":false,"stepsCount":0}],"attachments":[],"parameters":[],"attachmentsCount":1,"shouldDisplayMessage":true,"hasContent":true,"attachmentStep":false,"stepsCount":5},"afterStages":[{"name":"setup::finalizer","time":{"start":1764665233163,"stop":1764665233394,"duration":231},"status":"passed","steps":[],"attachments":[],"parameters":[],"attachmentsCount":0,"shouldDisplayMessage":false,"hasContent":false,"attachmentStep":false,"stepsCount":0},{"name":"_function_scoped_runner::0","time":{"start":1764665233395,"stop":1764665233395,"duration":0},"status":"passed","steps":[],"attachments":[],"parameters":[],"attachmentsCount":0,"shouldDisplayMessage":false,"hasContent":false,"attachmentStep":false,"stepsCount":0}],"labels":[{"name":"epic","value":"Insights Hub"},{"name":"story","value":"InsightsHub_UI"},{"name":"tag","value":"asyncio"},{"name":"tag","value":"smoke"},{"name":"parentSuite","value":"tests"},{"name":"suite","value":"test_Insights"},{"name":"host","value":"BCIAI-49W0VB4"},{"name":"thread","value":"30964-MainThread"},{"name":"framework","value":"pytest"},{"name":"language","value":"cpython3"},{"name":"package","value":"tests.test_Insights"},{"name":"resultFormat","value":"allure2"}],"parameters":[],"links":[],"hidden":false,"retry":false,"extra":{"severity":"normal","retries":[],"categories":[{"name":"Product defects","matchedStatuses":[]}],"tags":["asyncio","smoke"]},"source":"cb2a5bec4a657264.json","parameterValues":[]}